
Start time     : 2026-06-08T00:54:33
Program name   : esorex
Severity level : [ INFO  ] 

00:54:33 [ INFO  ] : [tid=000] This is EsoRex, version 3.13.10
00:54:33 [ INFO  ] : [tid=000] using the libraries: CPL = 7.3.2, CFITSIO = 4.6.3, WCSLIB = 8.4, FFTW (normal precision) = 3.3.10-sse2-avx-avx2, FFTW (single precision) = 3.3.10-sse2-avx-avx2, OPENMP = 201511
00:54:33 [ INFO  ] : [tid=000] Invocation command line was: esorex --recipe-config=/home/andy/TFM/configs/molecfit/molecfit_calctrans.rc --output-dir=/home/andy/TFM_DATA/molecfit/runs/atm_test002/molecfit_calctrans molecfit_calctrans --SCALE_PWV=none /home/andy/TFM_DATA/molecfit/runs/atm_test002/molecfit_calctrans.sof
00:54:33 [ INFO  ] molecfit_calctrans: [tid=000] Check frameset (SOF tags) ...
00:54:33 [ INFO  ] molecfit_config_mappingchk: [tid=000] Validating any declared mappings to CALCTRANS_KERNEL_LIBRARY ...
00:54:33 [ INFO  ] molecfit_config_mappingchk: [tid=000] 	There is no specified frame with tag CALCTRANS_KERNEL_LIBRARY so nothing to check
00:54:33 [ INFO  ] molecfit_config_mappingchk: [tid=000] Validating any declared mappings to ATM_PARAMETERS ...
00:54:33 [ INFO  ] molecfit_config_mappingchk: [tid=000] 	Found frame ATM_PARAMETERS with 1 extension
00:54:33 [ INFO  ] molecfit_config_mappingchk: [tid=000] 	Checking that the MAPPING_ATMOSPHERIC parameter declares a valid  mapping to ATM_PARAMETERS:
00:54:33 [ INFO  ] molecfit_config_mappingchk: [tid=000] 	Checking that the numbers match.
00:54:33 [ INFO  ] molecfit_config_mappingchk: [tid=000] 	MAPPING_ATMOSPHERIC String is null. Looking for a mapping frame MAPPING_ATMOSPHERIC  .... Found
00:54:33 [ INFO  ] molecfit_config_mappingchk: [tid=000] 		Checking main table values of MAPPING_ATMOSPHERIC are within bounds.
00:54:33 [ INFO  ] molecfit_config_mappingchk: [tid=000] 		All mappings are to valid extension numbers.
00:54:33 [ INFO  ] molecfit_config_mappingchk: [tid=000] 		Checking that there are the same no of non primary mappings as there are extensions in SCIENCE
00:54:33 [ INFO  ] molecfit_config_mappingchk: [tid=000] 		Found target_frame SCIENCE with 1 extensions.   ... Numbers match.
00:54:33 [ INFO  ] molecfit_config_mappingchk: [tid=000] Validating any declared mappings to LBLRTM_RESULTS ...
00:54:33 [ INFO  ] molecfit_config_mappingchk: [tid=000] 	There is no specified frame with tag LBLRTM_RESULTS so nothing to check
00:54:33 [ INFO  ] molecfit_fits_get_file_format: [tid=000] File[/home/andy/TFM_DATA/phoenix/resampled/phoenix_G2V_T5800_logg4p5_fehp0p0_10000pts.fits] - Check FITS file format ... (Searching first extension with data)
00:54:33 [ INFO  ] molecfit_fits_get_file_format: [tid=000] File[/home/andy/TFM_DATA/phoenix/resampled/phoenix_G2V_T5800_logg4p5_fehp0p0_10000pts.fits] - Load  header in the extension[0]
00:54:33 [ INFO  ] molecfit_fits_get_file_format: [tid=000] File[/home/andy/TFM_DATA/phoenix/resampled/phoenix_G2V_T5800_logg4p5_fehp0p0_10000pts.fits] - Check data   in the extension[0] : KEYWORD[NAXIS] = 0
00:54:33 [ INFO  ] molecfit_fits_get_file_format: [tid=000] File[/home/andy/TFM_DATA/phoenix/resampled/phoenix_G2V_T5800_logg4p5_fehp0p0_10000pts.fits] - Load  header in the extension[1]
00:54:33 [ INFO  ] molecfit_fits_get_file_format: [tid=000] File[/home/andy/TFM_DATA/phoenix/resampled/phoenix_G2V_T5800_logg4p5_fehp0p0_10000pts.fits] - Check data   in the extension[1] : KEYWORD[NAXIS] = 2
00:54:33 [ INFO  ] molecfit_fits_get_file_format: [tid=000] File[/home/andy/TFM_DATA/phoenix/resampled/phoenix_G2V_T5800_logg4p5_fehp0p0_10000pts.fits] - Check           in the extension[1]: KEYWORD[XTENSION] = BINTABLE
00:54:33 [ INFO  ] molecfit_fits_get_file_format: [tid=000] File[/home/andy/TFM_DATA/phoenix/resampled/phoenix_G2V_T5800_logg4p5_fehp0p0_10000pts.fits] - Found format = BINTABLE!
00:54:33 [ INFO  ] molecfit_fits_load_verbose: [tid=000] File[/home/andy/TFM_DATA/phoenix/resampled/phoenix_G2V_T5800_logg4p5_fehp0p0_10000pts.fits] - Loading FITS header/data ... (all extensions)
00:54:33 [ INFO  ] molecfit_fits_load_verbose: [tid=000] Loaded cpl_propertylist file: /home/andy/TFM_DATA/phoenix/resampled/phoenix_G2V_T5800_logg4p5_fehp0p0_10000pts.fits (extension=0) --> [HEADER   ]
00:54:33 [ INFO  ] molecfit_fits_load_verbose: [tid=000] Loaded cpl_propertylist file: /home/andy/TFM_DATA/phoenix/resampled/phoenix_G2V_T5800_logg4p5_fehp0p0_10000pts.fits (extension=1) --> [HEADER   ]
00:54:33 [ INFO  ] molecfit_fits_load_verbose: [tid=000] Loaded cpl_table        file: /home/andy/TFM_DATA/phoenix/resampled/phoenix_G2V_T5800_logg4p5_fehp0p0_10000pts.fits (extension=1) --> [BINTABLE ]
00:54:33 [ INFO  ] molecfit_calctrans: [tid=000] Load 'molecfit_calctrans' recipe parameters ...
00:54:33 [ INFO  ] molecfit_calctrans_parameters: [tid=000] Load ATM_PARAMETERS from molecfit_model(...)
00:54:33 [ INFO  ] molecfit_fits_get_file_format: [tid=000] File[/home/andy/TFM_DATA/molecfit/runs/atm_test002/molecfit_model/ATM_PARAMETERS.fits] - Check FITS file format ... (Searching first extension with data)
00:54:33 [ INFO  ] molecfit_fits_get_file_format: [tid=000] File[/home/andy/TFM_DATA/molecfit/runs/atm_test002/molecfit_model/ATM_PARAMETERS.fits] - Load  header in the extension[0]
00:54:33 [ INFO  ] molecfit_fits_get_file_format: [tid=000] File[/home/andy/TFM_DATA/molecfit/runs/atm_test002/molecfit_model/ATM_PARAMETERS.fits] - Check data   in the extension[0] : KEYWORD[NAXIS] = 0
00:54:33 [ INFO  ] molecfit_fits_get_file_format: [tid=000] File[/home/andy/TFM_DATA/molecfit/runs/atm_test002/molecfit_model/ATM_PARAMETERS.fits] - Load  header in the extension[1]
00:54:33 [ INFO  ] molecfit_fits_get_file_format: [tid=000] File[/home/andy/TFM_DATA/molecfit/runs/atm_test002/molecfit_model/ATM_PARAMETERS.fits] - Check data   in the extension[1] : KEYWORD[NAXIS] = 2
00:54:33 [ INFO  ] molecfit_fits_get_file_format: [tid=000] File[/home/andy/TFM_DATA/molecfit/runs/atm_test002/molecfit_model/ATM_PARAMETERS.fits] - Check           in the extension[1]: KEYWORD[XTENSION] = BINTABLE
00:54:33 [ INFO  ] molecfit_fits_get_file_format: [tid=000] File[/home/andy/TFM_DATA/molecfit/runs/atm_test002/molecfit_model/ATM_PARAMETERS.fits] - Found format = BINTABLE!
00:54:33 [ INFO  ] molecfit_fits_load_verbose: [tid=000] File[/home/andy/TFM_DATA/molecfit/runs/atm_test002/molecfit_model/ATM_PARAMETERS.fits] - Loading FITS header/data ... (all extensions)
00:54:33 [ INFO  ] molecfit_fits_load_verbose: [tid=000] Loaded cpl_propertylist file: /home/andy/TFM_DATA/molecfit/runs/atm_test002/molecfit_model/ATM_PARAMETERS.fits (extension=0) --> [HEADER   ]
00:54:33 [ INFO  ] molecfit_fits_load_verbose: [tid=000] Loaded cpl_propertylist file: /home/andy/TFM_DATA/molecfit/runs/atm_test002/molecfit_model/ATM_PARAMETERS.fits (extension=1) --> [HEADER   ]
00:54:33 [ INFO  ] molecfit_fits_load_verbose: [tid=000] Loaded cpl_table        file: /home/andy/TFM_DATA/molecfit/runs/atm_test002/molecfit_model/ATM_PARAMETERS.fits (extension=1) --> [BINTABLE ]
00:54:33 [ INFO  ] molecfit_calctrans_parameters: [tid=000] Load BEST_FIT_PARAMETERS from molecfit_model(...)
00:54:33 [ INFO  ] molecfit_fits_get_file_format: [tid=000] File[/home/andy/TFM_DATA/molecfit/runs/atm_test002/molecfit_model/BEST_FIT_PARAMETERS.fits] - Check FITS file format ... (Searching first extension with data)
00:54:33 [ INFO  ] molecfit_fits_get_file_format: [tid=000] File[/home/andy/TFM_DATA/molecfit/runs/atm_test002/molecfit_model/BEST_FIT_PARAMETERS.fits] - Load  header in the extension[0]
00:54:33 [ INFO  ] molecfit_fits_get_file_format: [tid=000] File[/home/andy/TFM_DATA/molecfit/runs/atm_test002/molecfit_model/BEST_FIT_PARAMETERS.fits] - Check data   in the extension[0] : KEYWORD[NAXIS] = 0
00:54:33 [ INFO  ] molecfit_fits_get_file_format: [tid=000] File[/home/andy/TFM_DATA/molecfit/runs/atm_test002/molecfit_model/BEST_FIT_PARAMETERS.fits] - Load  header in the extension[1]
00:54:33 [ INFO  ] molecfit_fits_get_file_format: [tid=000] File[/home/andy/TFM_DATA/molecfit/runs/atm_test002/molecfit_model/BEST_FIT_PARAMETERS.fits] - Check data   in the extension[1] : KEYWORD[NAXIS] = 2
00:54:33 [ INFO  ] molecfit_fits_get_file_format: [tid=000] File[/home/andy/TFM_DATA/molecfit/runs/atm_test002/molecfit_model/BEST_FIT_PARAMETERS.fits] - Check           in the extension[1]: KEYWORD[XTENSION] = BINTABLE
00:54:33 [ INFO  ] molecfit_fits_get_file_format: [tid=000] File[/home/andy/TFM_DATA/molecfit/runs/atm_test002/molecfit_model/BEST_FIT_PARAMETERS.fits] - Found format = BINTABLE!
00:54:33 [ INFO  ] molecfit_fits_load_verbose: [tid=000] File[/home/andy/TFM_DATA/molecfit/runs/atm_test002/molecfit_model/BEST_FIT_PARAMETERS.fits] - Loading FITS header/data ... (all extensions)
00:54:33 [ INFO  ] molecfit_fits_load_verbose: [tid=000] Loaded cpl_propertylist file: /home/andy/TFM_DATA/molecfit/runs/atm_test002/molecfit_model/BEST_FIT_PARAMETERS.fits (extension=0) --> [HEADER   ]
00:54:33 [ INFO  ] molecfit_fits_load_verbose: [tid=000] Loaded cpl_propertylist file: /home/andy/TFM_DATA/molecfit/runs/atm_test002/molecfit_model/BEST_FIT_PARAMETERS.fits (extension=1) --> [HEADER   ]
00:54:33 [ INFO  ] molecfit_fits_load_verbose: [tid=000] Loaded cpl_table        file: /home/andy/TFM_DATA/molecfit/runs/atm_test002/molecfit_model/BEST_FIT_PARAMETERS.fits (extension=1) --> [BINTABLE ]
00:54:33 [ INFO  ] molecfit_fits_load_verbose: [tid=000] Loaded cpl_propertylist file: /home/andy/TFM_DATA/molecfit/runs/atm_test002/molecfit_model/BEST_FIT_PARAMETERS.fits (extension=2) --> [HEADER   ]
00:54:33 [ INFO  ] molecfit_fits_load_verbose: [tid=000] Loaded cpl_table        file: /home/andy/TFM_DATA/molecfit/runs/atm_test002/molecfit_model/BEST_FIT_PARAMETERS.fits (extension=2) --> [BINTABLE ]
00:54:33 [ INFO  ] molecfit_config_load_header_parameters: [tid=000] Loading input parameters saved in a output FITS header ...
00:54:33 [ INFO  ] molecfit_config_load_header_parameters: [tid=000] Load Molecfit default configuration ...
00:54:33 [ INFO  ] mf_parameters_config_create: [tid=000] (mf_parameters) Not exist environment variable TELLURICCORRDIR      --> telluriccorr_path = /home/linuxbrew/.linuxbrew/Cellar/telluriccorr/4.3.3_4
00:54:33 [ INFO  ] mf_parameters_config_create: [tid=000] (mf_parameters) Not exist environment variable TELLURICCORRDIR_DATA --> telluriccorr_data_path = /home/linuxbrew/.linuxbrew/Cellar/telluriccorr/4.3.3_4/share/molecfit/data
00:54:33 [ INFO  ] mf_parameters_config_update_with_header_keywords: [tid=000] (mf_parameters) Updating mf_parameters_config with the user provided data header ... !
00:54:33 [ INFO  ] mf_parameters_config_update_with_header_keywords: [tid=000] (mf_parameters) Input MJD-OBS = 60100.000000
00:54:33 [ INFO  ] mf_parameters_config_update_with_header_keywords: [tid=000] (mf_parameters) Convert MJD into date in years [60100.000000 => 2023.424658]
00:54:33 [ INFO  ] mf_parameters_config_update_with_header_keywords: [tid=000] (mf_parameters) Set by parameters OBSERVING_DATE = 2023.424658
00:54:33 [ INFO  ] molecfit_config_load_header_parameters: [tid=000] Columns : wave[WAVE_MICRON], flux[FLUX], dflux[NULL], mask[NULL]
00:54:33 [ INFO  ] molecfit_calctrans_parameters: [tid=000] Value of parameters->pwv_sci: -9.990000e+01; parameters->h2o_col_mm (pwv_tell): 3.000000e+00; parameters->pwv_ratio: 1.000000e+00; parameters->scale_pwv: none

00:54:33 [WARNING] molecfit_calctrans_parameters: [tid=000] molecfit_calctrans: pwv_ratio is 1.0. No scaling based on PWV performed.

00:54:33 [ INFO  ] molecfit_calctrans: [tid=000] Not fit wavelength!
00:54:33 [ INFO  ] molecfit_calctrans: [tid=000] Not fit continuum!
00:54:33 [ INFO  ] molecfit_data_convert_to_table: [tid=000] File[/home/andy/TFM_DATA/phoenix/resampled/phoenix_G2V_T5800_logg4p5_fehp0p0_10000pts.fits], ext[1] - Extract cpl_table from cpl_table (chip=1)
00:54:33 [ INFO  ] molecfit_data_convert_to_table: [tid=000] DATA for molecfit :  Number of extensions with data = 1
00:54:33 [ INFO  ] molecfit_data_convert_to_table: [tid=000] DATA for molecfit :  Show spectrum cpl_table structure extension[1]
00:54:33 [ INFO  ] molecfit_calctrans: [tid=000] Loading MODEL_MOLECULES cpl_table
00:54:33 [ INFO  ] molecfit_load_table: [tid=000] Tag = MODEL_MOLECULES, File = /home/andy/TFM_DATA/molecfit/runs/atm_test002/molecfit_model/MODEL_MOLECULES.fits : Loaded 'cpl_table *' in extension 1 ...
00:54:33 [WARNING] molecfit_load_kernel_tag: [tid=000] User kernel isn't provided but 'use_input_kernel' = true !
00:54:33 [ INFO  ] molecfit_load_kernel_tag: [tid=000] Using the synthetic kernels ...
00:54:33 [ INFO  ] molecfit_load_kernel_tag: [tid=000] Fit resolution by Boxcar   (--FIT_RES_BOX) = 1
00:54:33 [ INFO  ] molecfit_load_kernel_tag: [tid=000] Fit resolution by Gaussian (--FIT_RES_GAUSS) = 1
00:54:33 [ INFO  ] molecfit_load_kernel_tag: [tid=000] Fit resolution by Lorentz  (--FIT_RES_LORENTZ) = 1
00:54:33 [ INFO  ] molecfit_calctrans: [tid=000] Using the default molecfit kernels -> With the values inside BEST_FIT_PARMS!
00:54:33 [ INFO  ] molecfit_calctrans: [tid=000] Loading MAPPING_ATMOSPHERIC cpl_table
00:54:33 [ INFO  ] molecfit_load_table: [tid=000] Tag = MAPPING_ATMOSPHERIC, File = /home/andy/TFM_DATA/molecfit/runs/atm_test002/MAPPING_ATMOSPHERIC.fits : Loaded 'cpl_table *' in extension 1 ...
00:54:33 [ INFO  ] molecfit_calctrans: [tid=000] Loading MAPPING_CONVOLVE cpl_table
00:54:33 [ INFO  ] molecfit_load_table: [tid=000] Tag = MAPPING_CONVOLVE, File = /home/andy/TFM_DATA/molecfit/runs/atm_test002/MAPPING_CONVOLVE.fits : Loaded 'cpl_table *' in extension 1 ...
00:54:33 [ INFO  ] molecfit_calctrans: [tid=000] Save generic multi-extension output FITS file ('TELLURIC_DATA','TELLURIC_CORR') ...
00:54:33 [WARNING] molecfit_calctrans: [tid=000] Missing MJD-OBS keyword from BEST_FIT_PARAMETERS.
	Cannot populate ESO DRS PWV DELTA MJD.

00:54:33 [WARNING] molecfit_calctrans: [tid=000] Missing MJD-OBS keyword from science spectrum.
	Cannot populate ESO DRS PWV DELTA MJD.

00:54:33 [WARNING] molecfit_calctrans: [tid=000] Missing ESO OBS EXECTIME keyword from BEST_FIT_PARAMETERS.
	Cannot populate ESO DRS PWV DELTA MJD.

00:54:33 [WARNING] molecfit_calctrans: [tid=000] Missing ESO OBS EXECTIME keyword from science spectrum.
	Cannot populate ESO DRS PWV DELTA MJD.

00:54:33 [WARNING] molecfit_calctrans: [tid=000] Missing ESO TEL AIRM START keyword from BEST_FIT_PARAMETERS.
	Cannot populate ESO DRS PWV DELTA AIRM.

00:54:33 [WARNING] molecfit_calctrans: [tid=000] Missing ESO TEL AIRM START keyword from science spectrum.
	Cannot populate ESO DRS PWV DELTA AIRM.

00:54:33 [WARNING] molecfit_calctrans: [tid=000] Missing ESO TEL AIRM END keyword from BEST_FIT_PARAMETERS.
	Cannot populate ESO DRS PWV DELTA AIRM.

00:54:33 [WARNING] molecfit_calctrans: [tid=000] Missing ESO TEL AIRM END keyword from science spectrum.
	Cannot populate ESO DRS PWV DELTA AIRM.

00:54:33 [ INFO  ] cpl_dfs_product_save: [tid=000] Writing FITS propertylist product(LBLRTM_RESULTS): LBLRTM_RESULTS.fits
00:54:33 [ INFO  ] cpl_dfs_product_save: [tid=000] Writing FITS propertylist product(TELLURIC_DATA): TELLURIC_DATA.fits
00:54:33 [ INFO  ] cpl_dfs_product_save: [tid=000] Writing FITS propertylist product(TELLURIC_CORR): TELLURIC_CORR.fits
00:54:33 [ INFO  ] molecfit_calctrans: [tid=000] Load spectrum for execute mf_calctrans_lblrtm(...) in ext = 1 ...
00:54:33 [ INFO  ] mf_io_mkstemp: [tid=000] (mf_io        ) Using temporary path defined by default/user = /home/andy/TFM
00:54:33 [ INFO  ] mf_parameters_create: [tid=000] (mf_parameters) Created new temporary workspace in /home/andy/TFM/telluriccorr_tmp_folder_CbklXR
00:54:33 [ INFO  ] mf_spectrum_fill_parameter_table: [tid=000] fit_wavelength n=1, nwlc=2
00:54:33 [ INFO  ] mf_spectrum_fill_parameter_table: [tid=000] --> NSEL =10000 CHIP_INDEX=0
00:54:33 [ INFO  ] mf_spectrum_ranges_apply: [tid=000] This is a single chip run amd some ranges are being mapped to chips not being used in this run
00:54:33 [ INFO  ] mf_spectrum_ranges_apply: [tid=000] (mf_spectrum  ) Fit full spectrum (not provided inc_wranges fit ranges)
00:54:33 [ INFO  ] mf_spectrum_replace_coefficients: [tid=000] Number of physical wavelength ranges=1
00:54:33 [ INFO  ] mf_spectrum_replace_coefficients: [tid=000] No external definition of fit flag for range 1 Parameter flag set to 0
00:54:33 [ INFO  ] mf_spectrum_replace_coefficients: [tid=000] EXPERT MODE FLAG=FALSE
00:54:33 [ INFO  ] mf_spectrum_replace_coefficients: [tid=000] nchip=1. Polynomial order=1
00:54:33 [ INFO  ] mf_spectrum_replace_coefficients: [tid=000] No external definition of fit flag for chip 1 Parameter flag set to 0
00:54:33 [ INFO  ] mf_spectrum_replace_coefficients: [tid=000] EXPERT MODE FLAG=FALSE
00:54:33 [ INFO  ] mf_calctrans_best_fit_parameters: [tid=000] (mf_calctrans ) wlcparmin = 4
00:54:33 [ INFO  ] mf_calctrans_best_fit_parameters: [tid=000] (mf_calctrans ) wlcparmax = 5
00:54:33 [ INFO  ] mf_calctrans_best_fit_parameters: [tid=000] (mf_calctrans ) nwlc      = 2
00:54:33 [ INFO  ] mf_calctrans_best_fit_parameters: [tid=000] (mf_calctrans ) Read mf_model(...) fit parameters[index=00],          STATUS -->          status : 4
00:54:33 [ INFO  ] mf_calctrans_best_fit_parameters: [tid=000] (mf_calctrans ) Read mf_model(...) fit parameters[index=13],        BOX_FWHM -->         boxfwhm : 2
00:54:33 [ INFO  ] mf_calctrans_best_fit_parameters: [tid=000] (mf_calctrans ) Read mf_model(...) fit parameters[index=15],      GAUSS_FWHM -->       gaussfwhm : 0
00:54:33 [ INFO  ] mf_calctrans_best_fit_parameters: [tid=000] (mf_calctrans ) Read mf_model(...) fit parameters[index=16],    LORENTZ_FWHM -->     lorentzfwhm : 0.245913
00:54:33 [ INFO  ] mf_calctrans_best_fit_parameters: [tid=000] (mf_calctrans ) Read mf_model(...) fit parameters[index=17],        FIT_CHIP -->  chip 1, coef 0 : -0.05 [fitCoefIndex=4]
00:54:33 [ INFO  ] mf_calctrans_best_fit_parameters: [tid=000] (mf_calctrans ) Read mf_model(...) fit parameters[index=18],        FIT_CHIP -->  chip 1, coef 1 : 1 [fitCoefIndex=5]
00:54:33 [ INFO  ] mf_lnfl: [tid=000] (mf_lnfl      ) Configuring LNFL   for 0.380 - 0.790 µm (Range:   1)
00:54:33 [ INFO  ] mf_io_write_lnfl_configuration: [tid=000] (mf_io        ) Write output ASCII file: /home/andy/TFM/telluriccorr_tmp_folder_CbklXR/wdir_lnfl_range_1/TAPE5
00:54:33 [ INFO  ] mf_lnfl: [tid=000] (mf_lnfl      ) Executing external calls to the LNFL binary ...
00:54:46 [ INFO  ] mf_lnfl: [tid=000] (mf_lnfl      ) User-time execution of LNFL : 0.216046 min (TOTAL : 0.216046 min)
00:54:46 [ INFO  ] mf_lblrtm_range_execution: [tid=000] (mf_lblrtm    ) Compute single spectrum with mf_lblrtm(...)
00:54:46 [ INFO  ] mf_io_write_lblrtm_configuration: [tid=000] (mf_io        ) Write output ASCII file: /home/andy/TFM/telluriccorr_tmp_folder_CbklXR/run_0_wdir_lblrtm_range_1_lblrtm_call_1/wv_number_7/TAPE5
00:54:46 [ INFO  ] mf_io_write_lblrtm_configuration: [tid=000] (mf_io        ) Write output ASCII file: /home/andy/TFM/telluriccorr_tmp_folder_CbklXR/run_0_wdir_lblrtm_range_1_lblrtm_call_1/wv_number_6/TAPE5
00:54:46 [ INFO  ] mf_io_write_lblrtm_configuration: [tid=000] (mf_io        ) Write output ASCII file: /home/andy/TFM/telluriccorr_tmp_folder_CbklXR/run_0_wdir_lblrtm_range_1_lblrtm_call_1/wv_number_5/TAPE5
00:54:46 [ INFO  ] mf_io_write_lblrtm_configuration: [tid=000] (mf_io        ) Write output ASCII file: /home/andy/TFM/telluriccorr_tmp_folder_CbklXR/run_0_wdir_lblrtm_range_1_lblrtm_call_1/wv_number_4/TAPE5
00:54:46 [ INFO  ] mf_io_write_lblrtm_configuration: [tid=000] (mf_io        ) Write output ASCII file: /home/andy/TFM/telluriccorr_tmp_folder_CbklXR/run_0_wdir_lblrtm_range_1_lblrtm_call_1/wv_number_3/TAPE5
00:54:46 [ INFO  ] mf_io_write_lblrtm_configuration: [tid=000] (mf_io        ) Write output ASCII file: /home/andy/TFM/telluriccorr_tmp_folder_CbklXR/run_0_wdir_lblrtm_range_1_lblrtm_call_1/wv_number_2/TAPE5
00:54:46 [ INFO  ] mf_io_write_lblrtm_configuration: [tid=000] (mf_io        ) Write output ASCII file: /home/andy/TFM/telluriccorr_tmp_folder_CbklXR/run_0_wdir_lblrtm_range_1_lblrtm_call_1/wv_number_1/TAPE5
00:54:46 [ INFO  ] mf_io_write_lblrtm_configuration: [tid=000] (mf_io        ) Write output ASCII file: /home/andy/TFM/telluriccorr_tmp_folder_CbklXR/run_0_wdir_lblrtm_range_1_lblrtm_call_1/wv_number_0/TAPE5
00:54:46 [ INFO  ] mf_lblrtm_range_execution: [tid=000] (mf_lblrtm    ) Executing external calls to the LBLRTM binary ...
00:55:01 [ INFO  ] mf_io_find_klim: [tid=000] (mf_io        ) Load ASCII file: /home/andy/TFM/telluriccorr_tmp_folder_CbklXR/run_0_wdir_lblrtm_range_1_lblrtm_call_1/TAPE28_1 (mf_lblrtm_find_klim)
00:55:01 [ INFO  ] mf_io_find_klim: [tid=000] (mf_io        ) Load ASCII file: /home/andy/TFM/telluriccorr_tmp_folder_CbklXR/run_0_wdir_lblrtm_range_1_lblrtm_call_1/TAPE28_2 (mf_lblrtm_find_klim)
00:55:01 [ INFO  ] mf_io_find_klim: [tid=000] (mf_io        ) Load ASCII file: /home/andy/TFM/telluriccorr_tmp_folder_CbklXR/run_0_wdir_lblrtm_range_1_lblrtm_call_1/TAPE28_3 (mf_lblrtm_find_klim)
00:55:01 [ INFO  ] mf_io_find_klim: [tid=000] (mf_io        ) Load ASCII file: /home/andy/TFM/telluriccorr_tmp_folder_CbklXR/run_0_wdir_lblrtm_range_1_lblrtm_call_1/TAPE28_4 (mf_lblrtm_find_klim)
00:55:01 [ INFO  ] mf_io_find_klim: [tid=000] (mf_io        ) Load ASCII file: /home/andy/TFM/telluriccorr_tmp_folder_CbklXR/run_0_wdir_lblrtm_range_1_lblrtm_call_1/TAPE28_5 (mf_lblrtm_find_klim)
00:55:01 [ INFO  ] mf_io_find_klim: [tid=000] (mf_io        ) Load ASCII file: /home/andy/TFM/telluriccorr_tmp_folder_CbklXR/run_0_wdir_lblrtm_range_1_lblrtm_call_1/TAPE28_6 (mf_lblrtm_find_klim)
00:55:01 [ INFO  ] mf_io_find_klim: [tid=000] (mf_io        ) Load ASCII file: /home/andy/TFM/telluriccorr_tmp_folder_CbklXR/run_0_wdir_lblrtm_range_1_lblrtm_call_1/TAPE28_7 (mf_lblrtm_find_klim)
00:55:01 [ INFO  ] mf_io_find_klim: [tid=000] (mf_io        ) Load ASCII file: /home/andy/TFM/telluriccorr_tmp_folder_CbklXR/run_0_wdir_lblrtm_range_1_lblrtm_call_1/TAPE28_8 (mf_lblrtm_find_klim)
00:55:01 [ INFO  ] mf_io_read_lblrtm_and_update_spec: [tid=000] (mf_io        ) Load ASCII file: /home/andy/TFM/telluriccorr_tmp_folder_CbklXR/run_0_wdir_lblrtm_range_1_lblrtm_call_1/TAPE28_1 (mf_lblrtm_rebin_spectrum)
00:55:01 [ INFO  ] mf_io_read_lblrtm_and_update_spec: [tid=000] (mf_io        ) Load ASCII file: /home/andy/TFM/telluriccorr_tmp_folder_CbklXR/run_0_wdir_lblrtm_range_1_lblrtm_call_1/TAPE28_2 (mf_lblrtm_rebin_spectrum)
00:55:01 [ INFO  ] mf_io_read_lblrtm_and_update_spec: [tid=000] (mf_io        ) Load ASCII file: /home/andy/TFM/telluriccorr_tmp_folder_CbklXR/run_0_wdir_lblrtm_range_1_lblrtm_call_1/TAPE28_3 (mf_lblrtm_rebin_spectrum)
00:55:01 [ INFO  ] mf_io_read_lblrtm_and_update_spec: [tid=000] (mf_io        ) Load ASCII file: /home/andy/TFM/telluriccorr_tmp_folder_CbklXR/run_0_wdir_lblrtm_range_1_lblrtm_call_1/TAPE28_4 (mf_lblrtm_rebin_spectrum)
00:55:01 [ INFO  ] mf_io_read_lblrtm_and_update_spec: [tid=000] (mf_io        ) Load ASCII file: /home/andy/TFM/telluriccorr_tmp_folder_CbklXR/run_0_wdir_lblrtm_range_1_lblrtm_call_1/TAPE28_5 (mf_lblrtm_rebin_spectrum)
00:55:01 [ INFO  ] mf_io_read_lblrtm_and_update_spec: [tid=000] (mf_io        ) Load ASCII file: /home/andy/TFM/telluriccorr_tmp_folder_CbklXR/run_0_wdir_lblrtm_range_1_lblrtm_call_1/TAPE28_6 (mf_lblrtm_rebin_spectrum)
00:55:01 [ INFO  ] mf_io_read_lblrtm_and_update_spec: [tid=000] (mf_io        ) Load ASCII file: /home/andy/TFM/telluriccorr_tmp_folder_CbklXR/run_0_wdir_lblrtm_range_1_lblrtm_call_1/TAPE28_7 (mf_lblrtm_rebin_spectrum)
00:55:02 [ INFO  ] mf_io_read_lblrtm_and_update_spec: [tid=000] (mf_io        ) Load ASCII file: /home/andy/TFM/telluriccorr_tmp_folder_CbklXR/run_0_wdir_lblrtm_range_1_lblrtm_call_1/TAPE28_8 (mf_lblrtm_rebin_spectrum)
00:55:02 [ INFO  ] mf_calctrans_lblrtm: [tid=000] (mf_calctrans ) time_bin_lnfl      : 0.22 min
00:55:02 [ INFO  ] mf_calctrans_lblrtm: [tid=000] (mf_calctrans ) time_bin_lblrtm    : 0.24 min
00:55:02 [ INFO  ] mf_calctrans_lblrtm: [tid=000] (mf_calctrans ) time_bin_calls     : 0.46 min
00:55:02 [ INFO  ] mf_calctrans_lblrtm: [tid=000] (mf_calctrans ) time_telluriccorr  : 29681274.58 min
00:55:02 [ INFO  ] mf_calctrans_lblrtm: [tid=000] (mf_calctrans ) time_total         : 29681275.03 min
00:55:02 [ INFO  ] molecfit_calctrans: [tid=000] Convolve input spectrum (ext_orig[ATM_PARAMETERS/BEST_FIT_PARAMETERS] = 1) for execute mf_calctrans_convolve(...) in ext = 1 ...
00:55:02 [ INFO  ] mf_parameters_create: [tid=000] (mf_parameters) Reusing temporary workspace [/home/andy/TFM/telluriccorr_tmp_folder_CbklXR]
00:55:02 [ INFO  ] mf_spectrum_fill_parameter_table: [tid=000] fit_wavelength n=1, nwlc=2
00:55:02 [ INFO  ] mf_spectrum_fill_parameter_table: [tid=000] --> NSEL =10000 CHIP_INDEX=0
00:55:02 [ INFO  ] mf_spectrum_ranges_apply: [tid=000] This is a single chip run amd some ranges are being mapped to chips not being used in this run
00:55:02 [ INFO  ] mf_spectrum_ranges_apply: [tid=000] (mf_spectrum  ) Fit full spectrum (not provided inc_wranges fit ranges)
00:55:02 [ INFO  ] mf_spectrum_replace_coefficients: [tid=000] Number of physical wavelength ranges=1
00:55:02 [ INFO  ] mf_spectrum_replace_coefficients: [tid=000] No external definition of fit flag for range 1 Parameter flag set to 0
00:55:02 [ INFO  ] mf_spectrum_replace_coefficients: [tid=000] EXPERT MODE FLAG=FALSE
00:55:02 [ INFO  ] mf_spectrum_replace_coefficients: [tid=000] nchip=1. Polynomial order=1
00:55:02 [ INFO  ] mf_spectrum_replace_coefficients: [tid=000] No external definition of fit flag for chip 1 Parameter flag set to 0
00:55:02 [ INFO  ] mf_spectrum_replace_coefficients: [tid=000] EXPERT MODE FLAG=FALSE
00:55:02 [ INFO  ] mf_calctrans_best_fit_parameters: [tid=000] (mf_calctrans ) wlcparmin = 4
00:55:02 [ INFO  ] mf_calctrans_best_fit_parameters: [tid=000] (mf_calctrans ) wlcparmax = 5
00:55:02 [ INFO  ] mf_calctrans_best_fit_parameters: [tid=000] (mf_calctrans ) nwlc      = 2
00:55:02 [ INFO  ] mf_calctrans_best_fit_parameters: [tid=000] (mf_calctrans ) Read mf_model(...) fit parameters[index=00],          STATUS -->          status : 4
00:55:02 [ INFO  ] mf_calctrans_best_fit_parameters: [tid=000] (mf_calctrans ) Read mf_model(...) fit parameters[index=13],        BOX_FWHM -->         boxfwhm : 2
00:55:02 [ INFO  ] mf_calctrans_best_fit_parameters: [tid=000] (mf_calctrans ) Read mf_model(...) fit parameters[index=15],      GAUSS_FWHM -->       gaussfwhm : 0
00:55:02 [ INFO  ] mf_calctrans_best_fit_parameters: [tid=000] (mf_calctrans ) Read mf_model(...) fit parameters[index=16],    LORENTZ_FWHM -->     lorentzfwhm : 0.245913
00:55:02 [ INFO  ] mf_calctrans_best_fit_parameters: [tid=000] (mf_calctrans ) Read mf_model(...) fit parameters[index=17],        FIT_CHIP -->  chip 1, coef 0 : -0.05 [fitCoefIndex=4]
00:55:02 [ INFO  ] mf_calctrans_best_fit_parameters: [tid=000] (mf_calctrans ) Read mf_model(...) fit parameters[index=18],        FIT_CHIP -->  chip 1, coef 1 : 1 [fitCoefIndex=5]
00:55:02 [ INFO  ] mf_calctrans_convolution: [tid=000] (mf_calctrans ) Using synthetic kernel
00:55:02 [ INFO  ] mf_convolution: [tid=000] (mf_convolutio) Last Iteration                     => Chi2: 107375212.64
00:55:02 [ INFO  ] mf_calctrans_convolution: [tid=000] (mf_calctrans ) Perform telluric absorption correction
00:55:02 [ INFO  ] mf_calctrans_convolution: [tid=000] (mf_calctrans ) time_bin_lnfl      : 0.00 min
00:55:02 [ INFO  ] mf_calctrans_convolution: [tid=000] (mf_calctrans ) time_bin_lblrtm    : 0.00 min
00:55:02 [ INFO  ] mf_calctrans_convolution: [tid=000] (mf_calctrans ) time_bin_calls     : 0.00 min
00:55:02 [ INFO  ] mf_calctrans_convolution: [tid=000] (mf_calctrans ) time_telluriccorr  : 0.00 min
00:55:02 [ INFO  ] mf_calctrans_convolution: [tid=000] (mf_calctrans ) time_total         : 0.00 min
00:55:02 [ INFO  ] molecfit_calctrans: [tid=000] LBLRTM_RESULTS exist in this ext = 1 ... saving ...
00:55:02 [ INFO  ] mean_absolute_difference: [tid=000] mean_absolute_difference: calculating wave ranges
00:55:02 [ INFO  ] mean_absolute_difference: [tid=000] mean_absolute_difference: single window_length specified: 15
00:55:02 [ INFO  ] calc_rms: [tid=000] calc_rms: Calculating Savitzky-Golay coefficients for window_length 15

00:55:02 [ INFO  ] calc_rms: [tid=000] calc_rms: Calculating normalised flux columns
00:55:02 [ INFO  ] calc_rms: [tid=000] calc_rms: Filtering results table
00:55:02 [ INFO  ] calc_rms: [tid=000] calc_rms: Calculating statistics on filtered results table
00:55:02 [ INFO  ] mean_absolute_difference: [tid=000] mean_absolute_difference: calc_rms called: 2.720078e-01 2.729815e-01 5.349607e-16
00:55:02 [ INFO  ] molecfit_calctrans: [tid=000] max_res_length cres_at_max_res_ratio: 15 2.729815e-01

00:55:02 [ INFO  ] molecfit_calctrans: [tid=000] Saving LBLRTM_RESULTS, CALCTRANS_KERNEL_LIBRARY, TELLURIC_DATA, TELLURIC_CORR ... (ext =1 : lblrtm_results ? 1, convolution_results ? 1)
00:55:02 [ INFO  ] molecfit_calctrans: [tid=000] Recipe successfully!
00:55:02 [ INFO  ] : [tid=000] Calculating product checksums
00:55:02 [ INFO  ] : [tid=000] Created product /home/andy/TFM_DATA/molecfit/runs/atm_test002/molecfit_calctrans/LBLRTM_RESULTS.fits
00:55:02 [ INFO  ] : [tid=000] Created product /home/andy/TFM_DATA/molecfit/runs/atm_test002/molecfit_calctrans/TELLURIC_DATA.fits
00:55:02 [ INFO  ] : [tid=000] Created product /home/andy/TFM_DATA/molecfit/runs/atm_test002/molecfit_calctrans/TELLURIC_CORR.fits
00:55:02 [ INFO  ] : [tid=000] 3 products created
00:55:02 [ INFO  ] : [tid=000] Recipe operation(s) took           28.5 seconds to complete.
00:55:02 [ INFO  ] : [tid=000] Size of single raw input frame  =     0.09 MB

00:55:02 [ INFO  ] : [tid=000] => processing rate of     0.00 MB/sec 

